2025-05-24 19:17:35 - unified_etl - INFO - setup_logging:68 - Logging to file: /Users/massimoraso/Code/AHGD/logs/ahgd_etl_20250524_191735.log
2025-05-24 19:17:35 - unified_etl - INFO - main:234 - Australian Healthcare Geographic Database ETL Pipeline
2025-05-24 19:17:35 - unified_etl - INFO - main:235 - ============================================================
2025-05-24 19:17:35 - unified_etl - INFO - main:236 - Steps to run: geo, time, dimensions, validate
2025-05-24 19:17:35 - unified_etl - INFO - main:237 - Force download: False
2025-05-24 19:17:35 - unified_etl - INFO - main:238 - Stop on error: False
2025-05-24 19:17:35 - unified_etl - INFO - run_geographic_dimension:84 - 
============================================================
2025-05-24 19:17:35 - unified_etl - INFO - run_geographic_dimension:85 - STEP 2: Geographic Dimension
2025-05-24 19:17:35 - unified_etl - INFO - run_geographic_dimension:86 - ============================================================
2025-05-24 19:17:35 - unified_etl - INFO - run_geographic_dimension:92 - ✅ Geographic dimension complete: 62 records
2025-05-24 19:17:35 - unified_etl - INFO - run_geographic_dimension:93 -    Saved to: /Users/massimoraso/Code/AHGD/output/geo_dimension.parquet
2025-05-24 19:17:35 - unified_etl - INFO - run_time_dimension:99 - 
============================================================
2025-05-24 19:17:35 - unified_etl - INFO - run_time_dimension:100 - STEP 3: Time Dimension
2025-05-24 19:17:35 - unified_etl - INFO - run_time_dimension:101 - ============================================================
2025-05-24 19:17:35 - unified_etl - INFO - run_time_dimension:107 - ✅ Time dimension complete: 7671 records
2025-05-24 19:17:35 - unified_etl - INFO - run_time_dimension:108 -    Saved to: /Users/massimoraso/Code/AHGD/output/dim_time.parquet
2025-05-24 19:17:35 - unified_etl - INFO - run_core_dimensions:114 - 
============================================================
2025-05-24 19:17:35 - unified_etl - INFO - run_core_dimensions:115 - STEP 4: Core Dimensions
2025-05-24 19:17:35 - unified_etl - INFO - run_core_dimensions:116 - ============================================================
2025-05-24 19:17:35 - unified_etl - INFO - run_core_dimensions:121 - 
Processing health condition dimension...
2025-05-24 19:17:35 - unified_etl - INFO - run_core_dimensions:126 - ✅ Health conditions: 19 records
2025-05-24 19:17:35 - unified_etl - INFO - run_core_dimensions:129 - 
Processing demographic dimension...
2025-05-24 19:17:35 - unified_etl - INFO - run_core_dimensions:134 - ✅ Demographics: 58 records
2025-05-24 19:17:35 - unified_etl - INFO - run_core_dimensions:137 - 
Processing person characteristic dimension...
2025-05-24 19:17:35 - unified_etl - INFO - run_core_dimensions:142 - ✅ Person characteristics: 36 records
2025-05-24 19:17:35 - unified_etl - INFO - run_validation:167 - 
============================================================
2025-05-24 19:17:35 - unified_etl - INFO - run_validation:168 - STEP 6: Data Validation
2025-05-24 19:17:35 - unified_etl - INFO - run_validation:169 - ============================================================
2025-05-24 19:17:35 - unified_etl - INFO - run_validation:175 - Found 5 output files:
2025-05-24 19:17:35 - unified_etl - INFO - run_validation:184 - 
  📊 geo_dimension.parquet:
2025-05-24 19:17:35 - unified_etl - INFO - run_validation:185 -      Records: 62
2025-05-24 19:17:35 - unified_etl - INFO - run_validation:186 -      Columns: 12
2025-05-24 19:17:35 - unified_etl - INFO - run_validation:187 -      Size: 0.01 MB
2025-05-24 19:17:35 - unified_etl - INFO - run_validation:192 -      Unknown members: 1
2025-05-24 19:17:35 - unified_etl - INFO - run_validation:184 - 
  📊 dim_person_characteristic.parquet:
2025-05-24 19:17:35 - unified_etl - INFO - run_validation:185 -      Records: 36
2025-05-24 19:17:35 - unified_etl - INFO - run_validation:186 -      Columns: 6
2025-05-24 19:17:35 - unified_etl - INFO - run_validation:187 -      Size: 0.00 MB
2025-05-24 19:17:35 - unified_etl - INFO - run_validation:192 -      Unknown members: 1
2025-05-24 19:17:35 - unified_etl - INFO - run_validation:184 - 
  📊 dim_time.parquet:
2025-05-24 19:17:35 - unified_etl - INFO - run_validation:185 -      Records: 7,671
2025-05-24 19:17:35 - unified_etl - INFO - run_validation:186 -      Columns: 14
2025-05-24 19:17:35 - unified_etl - INFO - run_validation:187 -      Size: 0.09 MB
2025-05-24 19:17:35 - unified_etl - INFO - run_validation:192 -      Unknown members: 1
2025-05-24 19:17:35 - unified_etl - INFO - run_validation:184 - 
  📊 dim_demographic.parquet:
2025-05-24 19:17:35 - unified_etl - INFO - run_validation:185 -      Records: 58
2025-05-24 19:17:35 - unified_etl - INFO - run_validation:186 -      Columns: 5
2025-05-24 19:17:35 - unified_etl - INFO - run_validation:187 -      Size: 0.00 MB
2025-05-24 19:17:35 - unified_etl - INFO - run_validation:192 -      Unknown members: 1
2025-05-24 19:17:35 - unified_etl - INFO - run_validation:184 - 
  📊 dim_health_condition.parquet:
2025-05-24 19:17:35 - unified_etl - INFO - run_validation:185 -      Records: 19
2025-05-24 19:17:35 - unified_etl - INFO - run_validation:186 -      Columns: 6
2025-05-24 19:17:35 - unified_etl - INFO - run_validation:187 -      Size: 0.00 MB
2025-05-24 19:17:35 - unified_etl - INFO - run_validation:192 -      Unknown members: 1
2025-05-24 19:17:35 - unified_etl - INFO - run_validation:194 - 
📦 Total output size: 0.12 MB
2025-05-24 19:17:35 - unified_etl - INFO - print_summary:202 - 
============================================================
2025-05-24 19:17:35 - unified_etl - INFO - print_summary:203 - PIPELINE SUMMARY
2025-05-24 19:17:35 - unified_etl - INFO - print_summary:204 - ============================================================
2025-05-24 19:17:35 - unified_etl - INFO - print_summary:205 - Execution time: 0:00:00.216736
2025-05-24 19:17:35 - unified_etl - INFO - print_summary:206 - Output directory: /Users/massimoraso/Code/AHGD/output
2025-05-24 19:17:35 - unified_etl - INFO - print_summary:211 - 
Generated files:
2025-05-24 19:17:35 - unified_etl - INFO - print_summary:213 -   ✅ dim_demographic.parquet
2025-05-24 19:17:35 - unified_etl - INFO - print_summary:213 -   ✅ dim_health_condition.parquet
2025-05-24 19:17:35 - unified_etl - INFO - print_summary:213 -   ✅ dim_person_characteristic.parquet
2025-05-24 19:17:35 - unified_etl - INFO - print_summary:213 -   ✅ dim_time.parquet
2025-05-24 19:17:35 - unified_etl - INFO - print_summary:213 -   ✅ geo_dimension.parquet
2025-05-24 19:17:35 - unified_etl - INFO - print_summary:215 - 
🎉 ETL Pipeline completed successfully!
